mode: set
github.com/AntanasMaziliauskas/Crypto_Telegram/coinlore/coinlore_http.go:20.36,24.2 2 0
github.com/AntanasMaziliauskas/Crypto_Telegram/coinlore/coinlore_http.go:28.72,44.24 3 0
github.com/AntanasMaziliauskas/Crypto_Telegram/coinlore/coinlore_http.go:81.2,81.25 1 0
github.com/AntanasMaziliauskas/Crypto_Telegram/coinlore/coinlore_http.go:44.24,52.71 3 0
github.com/AntanasMaziliauskas/Crypto_Telegram/coinlore/coinlore_http.go:56.3,56.49 1 0
github.com/AntanasMaziliauskas/Crypto_Telegram/coinlore/coinlore_http.go:60.3,60.55 1 0
github.com/AntanasMaziliauskas/Crypto_Telegram/coinlore/coinlore_http.go:64.3,64.56 1 0
github.com/AntanasMaziliauskas/Crypto_Telegram/coinlore/coinlore_http.go:68.3,68.24 1 0
github.com/AntanasMaziliauskas/Crypto_Telegram/coinlore/coinlore_http.go:72.3,78.5 2 0
github.com/AntanasMaziliauskas/Crypto_Telegram/coinlore/coinlore_http.go:52.71,55.4 1 0
github.com/AntanasMaziliauskas/Crypto_Telegram/coinlore/coinlore_http.go:56.49,59.4 1 0
github.com/AntanasMaziliauskas/Crypto_Telegram/coinlore/coinlore_http.go:60.55,63.4 1 0
github.com/AntanasMaziliauskas/Crypto_Telegram/coinlore/coinlore_http.go:64.56,67.4 1 0
github.com/AntanasMaziliauskas/Crypto_Telegram/coinlore/coinlore_http.go:68.24,71.4 1 0
github.com/AntanasMaziliauskas/Crypto_Telegram/coinlore/coinlore_http.go:86.67,108.70 5 0
github.com/AntanasMaziliauskas/Crypto_Telegram/coinlore/coinlore_http.go:112.2,112.48 1 0
github.com/AntanasMaziliauskas/Crypto_Telegram/coinlore/coinlore_http.go:116.2,116.54 1 0
github.com/AntanasMaziliauskas/Crypto_Telegram/coinlore/coinlore_http.go:120.2,120.55 1 0
github.com/AntanasMaziliauskas/Crypto_Telegram/coinlore/coinlore_http.go:125.2,133.25 3 0
github.com/AntanasMaziliauskas/Crypto_Telegram/coinlore/coinlore_http.go:108.70,111.3 1 0
github.com/AntanasMaziliauskas/Crypto_Telegram/coinlore/coinlore_http.go:112.48,115.3 1 0
github.com/AntanasMaziliauskas/Crypto_Telegram/coinlore/coinlore_http.go:116.54,119.3 1 0
github.com/AntanasMaziliauskas/Crypto_Telegram/coinlore/coinlore_http.go:120.55,123.3 1 0
github.com/AntanasMaziliauskas/Crypto_Telegram/coinlore/coinlore_http.go:137.52,141.2 2 0
github.com/AntanasMaziliauskas/Crypto_Telegram/coinlore/coinlore.go:17.65,18.29 1 1
github.com/AntanasMaziliauskas/Crypto_Telegram/coinlore/coinlore.go:24.2,24.14 1 1
github.com/AntanasMaziliauskas/Crypto_Telegram/coinlore/coinlore.go:18.29,19.18 1 1
github.com/AntanasMaziliauskas/Crypto_Telegram/coinlore/coinlore.go:19.18,21.4 1 1
github.com/AntanasMaziliauskas/Crypto_Telegram/rules/rules.go:18.47,21.26 2 1
github.com/AntanasMaziliauskas/Crypto_Telegram/rules/rules.go:27.2,27.12 1 1
github.com/AntanasMaziliauskas/Crypto_Telegram/rules/rules.go:21.26,22.47 1 1
github.com/AntanasMaziliauskas/Crypto_Telegram/rules/rules.go:22.47,24.4 1 1
github.com/AntanasMaziliauskas/Crypto_Telegram/rules/rules_jsonfile.go:17.38,20.2 1 0
github.com/AntanasMaziliauskas/Crypto_Telegram/rules/rules_jsonfile.go:23.59,30.57 2 1
github.com/AntanasMaziliauskas/Crypto_Telegram/rules/rules_jsonfile.go:33.2,33.60 1 1
github.com/AntanasMaziliauskas/Crypto_Telegram/rules/rules_jsonfile.go:37.2,37.23 1 1
github.com/AntanasMaziliauskas/Crypto_Telegram/rules/rules_jsonfile.go:30.57,32.3 1 0
github.com/AntanasMaziliauskas/Crypto_Telegram/rules/rules_jsonfile.go:33.60,35.3 1 0
github.com/AntanasMaziliauskas/Crypto_Telegram/rules/rules_jsonfile.go:42.87,45.25 2 1
github.com/AntanasMaziliauskas/Crypto_Telegram/rules/rules_jsonfile.go:52.2,52.23 1 1
github.com/AntanasMaziliauskas/Crypto_Telegram/rules/rules_jsonfile.go:56.2,56.16 1 1
github.com/AntanasMaziliauskas/Crypto_Telegram/rules/rules_jsonfile.go:45.25,46.27 1 1
github.com/AntanasMaziliauskas/Crypto_Telegram/rules/rules_jsonfile.go:46.27,47.34 1 1
github.com/AntanasMaziliauskas/Crypto_Telegram/rules/rules_jsonfile.go:47.34,49.5 1 1
github.com/AntanasMaziliauskas/Crypto_Telegram/rules/rules_jsonfile.go:52.23,54.3 1 1
github.com/AntanasMaziliauskas/Crypto_Telegram/rules/rules_jsonfile.go:60.72,61.24 1 1
github.com/AntanasMaziliauskas/Crypto_Telegram/rules/rules_jsonfile.go:70.2,70.14 1 1
github.com/AntanasMaziliauskas/Crypto_Telegram/rules/rules_jsonfile.go:61.24,62.51 1 1
github.com/AntanasMaziliauskas/Crypto_Telegram/rules/rules_jsonfile.go:65.3,65.51 1 1
github.com/AntanasMaziliauskas/Crypto_Telegram/rules/rules_jsonfile.go:62.51,64.4 1 1
github.com/AntanasMaziliauskas/Crypto_Telegram/rules/rules_jsonfile.go:65.51,67.4 1 1
github.com/AntanasMaziliauskas/Crypto_Telegram/rules/rules_jsonfile.go:74.68,80.58 2 0
github.com/AntanasMaziliauskas/Crypto_Telegram/rules/rules_jsonfile.go:84.2,84.47 1 0
github.com/AntanasMaziliauskas/Crypto_Telegram/rules/rules_jsonfile.go:80.58,82.3 1 0
github.com/AntanasMaziliauskas/Crypto_Telegram/rules/rules_xmlfile.go:23.37,26.2 1 0
github.com/AntanasMaziliauskas/Crypto_Telegram/rules/rules_xmlfile.go:29.58,36.56 2 1
github.com/AntanasMaziliauskas/Crypto_Telegram/rules/rules_xmlfile.go:39.2,39.57 1 1
github.com/AntanasMaziliauskas/Crypto_Telegram/rules/rules_xmlfile.go:43.2,43.28 1 1
github.com/AntanasMaziliauskas/Crypto_Telegram/rules/rules_xmlfile.go:36.56,38.3 1 0
github.com/AntanasMaziliauskas/Crypto_Telegram/rules/rules_xmlfile.go:39.57,41.3 1 0
github.com/AntanasMaziliauskas/Crypto_Telegram/rules/rules_xmlfile.go:48.86,51.25 2 1
github.com/AntanasMaziliauskas/Crypto_Telegram/rules/rules_xmlfile.go:58.2,58.23 1 1
github.com/AntanasMaziliauskas/Crypto_Telegram/rules/rules_xmlfile.go:62.2,62.16 1 1
github.com/AntanasMaziliauskas/Crypto_Telegram/rules/rules_xmlfile.go:51.25,52.27 1 1
github.com/AntanasMaziliauskas/Crypto_Telegram/rules/rules_xmlfile.go:52.27,53.34 1 1
github.com/AntanasMaziliauskas/Crypto_Telegram/rules/rules_xmlfile.go:53.34,55.5 1 1
github.com/AntanasMaziliauskas/Crypto_Telegram/rules/rules_xmlfile.go:58.23,60.3 1 1
github.com/AntanasMaziliauskas/Crypto_Telegram/rules/rules_xmlfile.go:66.71,67.24 1 1
github.com/AntanasMaziliauskas/Crypto_Telegram/rules/rules_xmlfile.go:76.2,76.14 1 1
github.com/AntanasMaziliauskas/Crypto_Telegram/rules/rules_xmlfile.go:67.24,68.51 1 1
github.com/AntanasMaziliauskas/Crypto_Telegram/rules/rules_xmlfile.go:71.3,71.51 1 1
github.com/AntanasMaziliauskas/Crypto_Telegram/rules/rules_xmlfile.go:68.51,70.4 1 1
github.com/AntanasMaziliauskas/Crypto_Telegram/rules/rules_xmlfile.go:71.51,73.4 1 1
github.com/AntanasMaziliauskas/Crypto_Telegram/rules/rules_xmlfile.go:80.67,89.57 3 0
github.com/AntanasMaziliauskas/Crypto_Telegram/rules/rules_xmlfile.go:93.2,93.47 1 0
github.com/AntanasMaziliauskas/Crypto_Telegram/rules/rules_xmlfile.go:89.57,91.3 1 0
github.com/AntanasMaziliauskas/Crypto_Telegram/application/application.go:26.23,28.2 0 0
github.com/AntanasMaziliauskas/Crypto_Telegram/application/application.go:31.36,34.58 2 0
github.com/AntanasMaziliauskas/Crypto_Telegram/application/application.go:38.2,38.12 1 0
github.com/AntanasMaziliauskas/Crypto_Telegram/application/application.go:34.58,36.3 1 0
github.com/AntanasMaziliauskas/Crypto_Telegram/application/application.go:42.28,47.40 3 0
github.com/AntanasMaziliauskas/Crypto_Telegram/application/application.go:51.2,51.38 1 0
github.com/AntanasMaziliauskas/Crypto_Telegram/application/application.go:55.2,55.40 1 0
github.com/AntanasMaziliauskas/Crypto_Telegram/application/application.go:58.2,58.12 1 0
github.com/AntanasMaziliauskas/Crypto_Telegram/application/application.go:47.40,49.3 1 0
github.com/AntanasMaziliauskas/Crypto_Telegram/application/application.go:51.38,53.3 1 0
github.com/AntanasMaziliauskas/Crypto_Telegram/application/application.go:55.40,57.3 1 0
github.com/AntanasMaziliauskas/Crypto_Telegram/application/application.go:62.20,67.2 2 0
github.com/AntanasMaziliauskas/Crypto_Telegram/application/application.go:71.34,79.6 3 0
github.com/AntanasMaziliauskas/Crypto_Telegram/application/application.go:79.6,80.10 1 0
github.com/AntanasMaziliauskas/Crypto_Telegram/application/application.go:81.19,84.56 2 0
github.com/AntanasMaziliauskas/Crypto_Telegram/application/application.go:88.4,90.62 2 0
github.com/AntanasMaziliauskas/Crypto_Telegram/application/application.go:94.4,98.30 3 0
github.com/AntanasMaziliauskas/Crypto_Telegram/application/application.go:102.4,104.57 2 0
github.com/AntanasMaziliauskas/Crypto_Telegram/application/application.go:84.56,86.5 1 0
github.com/AntanasMaziliauskas/Crypto_Telegram/application/application.go:90.62,92.5 1 0
github.com/AntanasMaziliauskas/Crypto_Telegram/application/application.go:98.30,100.5 1 0
github.com/AntanasMaziliauskas/Crypto_Telegram/application/application.go:104.57,106.5 1 0
github.com/AntanasMaziliauskas/Crypto_Telegram/application/application.go:113.35,114.6 1 0
github.com/AntanasMaziliauskas/Crypto_Telegram/application/application.go:114.6,115.10 1 0
github.com/AntanasMaziliauskas/Crypto_Telegram/application/application.go:116.24,117.26 1 0
github.com/AntanasMaziliauskas/Crypto_Telegram/application/application.go:123.52,125.44 2 0
github.com/AntanasMaziliauskas/Crypto_Telegram/application/application.go:129.2,131.12 2 0
github.com/AntanasMaziliauskas/Crypto_Telegram/application/application.go:125.44,127.3 1 0
github.com/AntanasMaziliauskas/Crypto_Telegram/application/application.go:135.93,138.33 2 0
github.com/AntanasMaziliauskas/Crypto_Telegram/application/application.go:146.2,146.13 1 0
github.com/AntanasMaziliauskas/Crypto_Telegram/application/application.go:138.33,139.33 1 0
github.com/AntanasMaziliauskas/Crypto_Telegram/application/application.go:139.33,140.20 1 0
github.com/AntanasMaziliauskas/Crypto_Telegram/application/application.go:140.20,142.5 1 0
github.com/AntanasMaziliauskas/Crypto_Telegram/application/application.go:150.82,153.20 2 0
github.com/AntanasMaziliauskas/Crypto_Telegram/application/application.go:166.2,166.16 1 0
github.com/AntanasMaziliauskas/Crypto_Telegram/application/application.go:153.20,154.28 1 0
github.com/AntanasMaziliauskas/Crypto_Telegram/application/application.go:154.28,155.31 1 0
github.com/AntanasMaziliauskas/Crypto_Telegram/application/application.go:160.4,160.33 1 0
github.com/AntanasMaziliauskas/Crypto_Telegram/application/application.go:155.31,156.31 1 0
github.com/AntanasMaziliauskas/Crypto_Telegram/application/application.go:156.31,158.6 1 0
github.com/AntanasMaziliauskas/Crypto_Telegram/application/application.go:162.8,164.3 1 0
github.com/AntanasMaziliauskas/Crypto_Telegram/application/application.go:170.34,173.20 2 1
github.com/AntanasMaziliauskas/Crypto_Telegram/application/application.go:176.2,176.20 1 1
github.com/AntanasMaziliauskas/Crypto_Telegram/application/application.go:180.2,180.10 1 1
github.com/AntanasMaziliauskas/Crypto_Telegram/application/application.go:173.20,175.3 1 1
github.com/AntanasMaziliauskas/Crypto_Telegram/application/application.go:176.20,178.3 1 1
